c:\users\kyuhwa\dropbox\iotl\cosmos_ssd-ioub\build\vs2017_dftl\debug\vc141.pdb
c:\users\kyuhwa\dropbox\iotl\cosmos_ssd-ioub\build\vs2017_dftl\debug\vc141.idb
c:\users\kyuhwa\dropbox\iotl\cosmos_ssd-ioub\build\vs2017_dftl\debug\test_nvme_request.obj
c:\users\kyuhwa\dropbox\iotl\cosmos_ssd-ioub\build\vs2017_dftl\debug\test_main.obj
c:\users\kyuhwa\dropbox\iotl\cosmos_ssd-ioub\build\vs2017_dftl\debug\cosmos_win.obj
c:\users\kyuhwa\dropbox\iotl\cosmos_ssd-ioub\build\vs2017_dftl\debug\osal.obj
c:\users\kyuhwa\dropbox\iotl\cosmos_ssd-ioub\build\vs2017_dftl\debug\main.obj
c:\users\kyuhwa\dropbox\iotl\cosmos_ssd-ioub\build\vs2017_dftl\debug\cosmos_plus_system.obj
c:\users\kyuhwa\dropbox\iotl\cosmos_ssd-ioub\build\vs2017_dftl\debug\nvme_main.obj
c:\users\kyuhwa\dropbox\iotl\cosmos_ssd-ioub\build\vs2017_dftl\debug\nvme_io_cmd.obj
c:\users\kyuhwa\dropbox\iotl\cosmos_ssd-ioub\build\vs2017_dftl\debug\nvme_identify.obj
c:\users\kyuhwa\dropbox\iotl\cosmos_ssd-ioub\build\vs2017_dftl\debug\nvme_admin_cmd.obj
c:\users\kyuhwa\dropbox\iotl\cosmos_ssd-ioub\build\vs2017_dftl\debug\host_lld.obj
c:\users\kyuhwa\dropbox\iotl\cosmos_ssd-ioub\build\vs2017_dftl\debug\hil.obj
c:\users\kyuhwa\dropbox\iotl\cosmos_ssd-ioub\build\vs2017_dftl\debug\nsc_driver.obj
c:\users\kyuhwa\dropbox\iotl\cosmos_ssd-ioub\build\vs2017_dftl\debug\fil_request.obj
c:\users\kyuhwa\dropbox\iotl\cosmos_ssd-ioub\build\vs2017_dftl\debug\fil_nand.obj
c:\users\kyuhwa\dropbox\iotl\cosmos_ssd-ioub\build\vs2017_dftl\debug\fil.obj
c:\users\kyuhwa\dropbox\iotl\cosmos_ssd-ioub\build\vs2017_dftl\debug\util.obj
c:\users\kyuhwa\dropbox\iotl\cosmos_ssd-ioub\build\vs2017_dftl\debug\statistics.obj
c:\users\kyuhwa\dropbox\iotl\cosmos_ssd-ioub\build\vs2017_dftl\debug\random.obj
c:\users\kyuhwa\dropbox\iotl\cosmos_ssd-ioub\build\vs2017_dftl\debug\list.obj
c:\users\kyuhwa\dropbox\iotl\cosmos_ssd-ioub\build\vs2017_dftl\debug\dftl_vnand.obj
c:\users\kyuhwa\dropbox\iotl\cosmos_ssd-ioub\build\vs2017_dftl\debug\dftl_request_meta.obj
c:\users\kyuhwa\dropbox\iotl\cosmos_ssd-ioub\build\vs2017_dftl\debug\dftl_request_hil.obj
c:\users\kyuhwa\dropbox\iotl\cosmos_ssd-ioub\build\vs2017_dftl\debug\dftl_request_gc.obj
c:\users\kyuhwa\dropbox\iotl\cosmos_ssd-ioub\build\vs2017_dftl\debug\dftl_request.obj
c:\users\kyuhwa\dropbox\iotl\cosmos_ssd-ioub\build\vs2017_dftl\debug\dftl_meta.obj
c:\users\kyuhwa\dropbox\iotl\cosmos_ssd-ioub\build\vs2017_dftl\debug\dftl_hdma.obj
c:\users\kyuhwa\dropbox\iotl\cosmos_ssd-ioub\build\vs2017_dftl\debug\dftl_global.obj
c:\users\kyuhwa\dropbox\iotl\cosmos_ssd-ioub\build\vs2017_dftl\debug\dftl_garbagecollector.obj
c:\users\kyuhwa\dropbox\iotl\cosmos_ssd-ioub\build\vs2017_dftl\debug\dftl_external_interface.obj
c:\users\kyuhwa\dropbox\iotl\cosmos_ssd-ioub\build\vs2017_dftl\debug\dftl_bufferpool.obj
c:\users\kyuhwa\dropbox\iotl\cosmos_ssd-ioub\build\vs2017_dftl\debug\dftl_block.obj
c:\users\kyuhwa\dropbox\iotl\cosmos_ssd-ioub\build\vs2017_dftl\debug\dftl_activeblock.obj
c:\users\kyuhwa\dropbox\iotl\cosmos_ssd-ioub\build\vs2017_dftl\debug\dftl.exe
c:\users\kyuhwa\dropbox\iotl\cosmos_ssd-ioub\build\vs2017_dftl\debug\dftl.ilk
c:\users\kyuhwa\dropbox\iotl\cosmos_ssd-ioub\build\vs2017_dftl\debug\dftl.pdb
c:\users\kyuhwa\dropbox\iotl\cosmos_ssd-ioub\build\vs2017_dftl\debug\dftl.tlog\cl.command.1.tlog
c:\users\kyuhwa\dropbox\iotl\cosmos_ssd-ioub\build\vs2017_dftl\debug\dftl.tlog\cl.read.1.tlog
c:\users\kyuhwa\dropbox\iotl\cosmos_ssd-ioub\build\vs2017_dftl\debug\dftl.tlog\cl.write.1.tlog
c:\users\kyuhwa\dropbox\iotl\cosmos_ssd-ioub\build\vs2017_dftl\debug\dftl.tlog\link.command.1.tlog
c:\users\kyuhwa\dropbox\iotl\cosmos_ssd-ioub\build\vs2017_dftl\debug\dftl.tlog\link.read.1.tlog
c:\users\kyuhwa\dropbox\iotl\cosmos_ssd-ioub\build\vs2017_dftl\debug\dftl.tlog\link.write.1.tlog
