13:04:50 INFO  : Registering command handlers for SDK TCF services
13:04:51 INFO  : Launching XSCT server: xsct.bat -interactive C:\Users\User\Desktop\Cosmos_SSD-IOUB\Build\DFTL\temp_xsdb_launch_script.tcl
13:04:53 INFO  : XSCT server has started successfully.
13:04:53 INFO  : Successfully done setting XSCT server connection channel  
13:04:53 INFO  : Successfully done setting SDK workspace  
13:05:15 INFO  : Project 'system_hw_platform_0' created. You can now create BSPs and application projects targeting this hardware platform.
13:31:04 INFO  : Connected to target on host '127.0.0.1' and port '3121'.
13:31:04 INFO  : Jtag cable 'Digilent JTAG-SMT2 210251A543E7' is selected.
13:31:04 INFO  : 'jtag frequency' command is executed.
13:31:04 INFO  : Sourcing of 'C:/Users/User/Desktop/Cosmos_SSD-IOUB/Build/DFTL/system_hw_platform_0/ps7_init.tcl' is done.
13:31:04 INFO  : Context for 'APU' is selected.
13:31:04 INFO  : System reset is completed.
13:31:07 INFO  : 'after 3000' command is executed.
13:31:07 INFO  : 'targets -set -filter {jtag_cable_name =~ "Digilent JTAG-SMT2 210251A543E7" && level==0} -index 1' command is executed.
13:31:09 ERROR : 'fpga -file C:/Users/User/Desktop/Cosmos_SSD-IOUB/Build/DFTL/system_hw_platform_0/OpenSSD2.bit' is cancelled.
13:31:09 INFO  : Issued abort command to xsdb.
13:31:09 ERROR : Exception occured while running Program FPGA.
java.lang.RuntimeException: 'fpga -file C:/Users/User/Desktop/Cosmos_SSD-IOUB/Build/DFTL/system_hw_platform_0/OpenSSD2.bit' is cancelled.
13:31:09 INFO  : ----------------XSDB Script----------------
connect -url tcp:127.0.0.1:3121
source C:/Users/User/Desktop/Cosmos_SSD-IOUB/Build/DFTL/system_hw_platform_0/ps7_init.tcl
targets -set -nocase -filter {name =~"APU*" && jtag_cable_name =~ "Digilent JTAG-SMT2 210251A543E7"} -index 0
rst -system
after 3000
----------------End of Script----------------

13:31:28 INFO  : Connected to target on host '127.0.0.1' and port '3121'.
13:31:28 INFO  : Jtag cable 'Digilent JTAG-SMT2 210251A543E7' is selected.
13:31:28 INFO  : 'jtag frequency' command is executed.
13:31:28 INFO  : Sourcing of 'C:/Users/User/Desktop/Cosmos_SSD-IOUB/Build/DFTL/system_hw_platform_0/ps7_init.tcl' is done.
13:31:28 INFO  : Context for 'APU' is selected.
13:31:28 INFO  : System reset is completed.
13:31:31 INFO  : 'after 3000' command is executed.
13:31:31 INFO  : 'targets -set -filter {jtag_cable_name =~ "Digilent JTAG-SMT2 210251A543E7" && level==0} -index 1' command is executed.
13:31:39 INFO  : FPGA configured successfully with bitstream "C:/Users/User/Desktop/Cosmos_SSD-IOUB/Build/DFTL/system_hw_platform_0/OpenSSD2.bit"
13:31:39 INFO  : Context for 'APU' is selected.
13:31:39 INFO  : Hardware design information is loaded from 'C:/Users/User/Desktop/Cosmos_SSD-IOUB/Build/DFTL/system_hw_platform_0/system.hdf'.
13:31:39 INFO  : 'configparams force-mem-access 1' command is executed.
13:31:39 INFO  : Context for 'APU' is selected.
13:31:40 INFO  : 'ps7_init' command is executed.
13:31:40 INFO  : 'ps7_post_config' command is executed.
13:31:40 INFO  : Context for processor 'ps7_cortexa9_0' is selected.
13:31:40 INFO  : The application 'C:/Users/User/Desktop/Cosmos_SSD-IOUB/Build/DFTL/DFTL/Debug/DFTL.elf' is downloaded to processor 'ps7_cortexa9_0'.
13:31:40 INFO  : 'configparams force-mem-access 0' command is executed.
13:31:40 INFO  : ----------------XSDB Script----------------
connect -url tcp:127.0.0.1:3121
source C:/Users/User/Desktop/Cosmos_SSD-IOUB/Build/DFTL/system_hw_platform_0/ps7_init.tcl
targets -set -nocase -filter {name =~"APU*" && jtag_cable_name =~ "Digilent JTAG-SMT2 210251A543E7"} -index 0
rst -system
after 3000
targets -set -filter {jtag_cable_name =~ "Digilent JTAG-SMT2 210251A543E7" && level==0} -index 1
fpga -file C:/Users/User/Desktop/Cosmos_SSD-IOUB/Build/DFTL/system_hw_platform_0/OpenSSD2.bit
targets -set -nocase -filter {name =~"APU*" && jtag_cable_name =~ "Digilent JTAG-SMT2 210251A543E7"} -index 0
loadhw -hw C:/Users/User/Desktop/Cosmos_SSD-IOUB/Build/DFTL/system_hw_platform_0/system.hdf -mem-ranges [list {0x40000000 0xbfffffff}]
configparams force-mem-access 1
targets -set -nocase -filter {name =~"APU*" && jtag_cable_name =~ "Digilent JTAG-SMT2 210251A543E7"} -index 0
ps7_init
ps7_post_config
targets -set -nocase -filter {name =~ "ARM*#0" && jtag_cable_name =~ "Digilent JTAG-SMT2 210251A543E7"} -index 0
dow C:/Users/User/Desktop/Cosmos_SSD-IOUB/Build/DFTL/DFTL/Debug/DFTL.elf
configparams force-mem-access 0
----------------End of Script----------------

13:31:40 INFO  : Memory regions updated for context APU
13:31:40 INFO  : Context for processor 'ps7_cortexa9_0' is selected.
13:31:40 INFO  : 'con' command is executed.
13:31:40 INFO  : ----------------XSDB Script (After Launch)----------------
targets -set -nocase -filter {name =~ "ARM*#0" && jtag_cable_name =~ "Digilent JTAG-SMT2 210251A543E7"} -index 0
con
----------------End of Script----------------

13:31:40 INFO  : Launch script is exported to file 'C:\Users\User\Desktop\Cosmos_SSD-IOUB\Build\DFTL\.sdk\launch_scripts\xilinx_c-c++_application_(system_debugger)\system_debugger_on_local.tcl'
13:44:20 INFO  : Disconnected from the channel tcfchan#1.
13:44:21 INFO  : Connected to target on host '127.0.0.1' and port '3121'.
13:44:21 INFO  : Jtag cable 'Digilent JTAG-SMT2 210251A543E7' is selected.
13:44:21 INFO  : 'jtag frequency' command is executed.
13:44:21 INFO  : Sourcing of 'C:/Users/User/Desktop/Cosmos_SSD-IOUB/Build/DFTL/system_hw_platform_0/ps7_init.tcl' is done.
13:44:21 INFO  : Context for 'APU' is selected.
13:44:21 INFO  : System reset is completed.
13:44:24 INFO  : 'after 3000' command is executed.
13:44:24 INFO  : 'targets -set -filter {jtag_cable_name =~ "Digilent JTAG-SMT2 210251A543E7" && level==0} -index 1' command is executed.
13:44:32 INFO  : FPGA configured successfully with bitstream "C:/Users/User/Desktop/Cosmos_SSD-IOUB/Build/DFTL/system_hw_platform_0/OpenSSD2.bit"
13:44:32 INFO  : Context for 'APU' is selected.
13:44:32 INFO  : Hardware design information is loaded from 'C:/Users/User/Desktop/Cosmos_SSD-IOUB/Build/DFTL/system_hw_platform_0/system.hdf'.
13:44:32 INFO  : 'configparams force-mem-access 1' command is executed.
13:44:32 INFO  : Context for 'APU' is selected.
13:44:32 INFO  : 'ps7_init' command is executed.
13:44:32 INFO  : 'ps7_post_config' command is executed.
13:44:32 INFO  : Context for processor 'ps7_cortexa9_0' is selected.
13:44:33 INFO  : The application 'C:/Users/User/Desktop/Cosmos_SSD-IOUB/Build/DFTL/DFTL/Debug/DFTL.elf' is downloaded to processor 'ps7_cortexa9_0'.
13:44:33 INFO  : 'configparams force-mem-access 0' command is executed.
13:44:33 INFO  : ----------------XSDB Script----------------
connect -url tcp:127.0.0.1:3121
source C:/Users/User/Desktop/Cosmos_SSD-IOUB/Build/DFTL/system_hw_platform_0/ps7_init.tcl
targets -set -nocase -filter {name =~"APU*" && jtag_cable_name =~ "Digilent JTAG-SMT2 210251A543E7"} -index 0
rst -system
after 3000
targets -set -filter {jtag_cable_name =~ "Digilent JTAG-SMT2 210251A543E7" && level==0} -index 1
fpga -file C:/Users/User/Desktop/Cosmos_SSD-IOUB/Build/DFTL/system_hw_platform_0/OpenSSD2.bit
targets -set -nocase -filter {name =~"APU*" && jtag_cable_name =~ "Digilent JTAG-SMT2 210251A543E7"} -index 0
loadhw -hw C:/Users/User/Desktop/Cosmos_SSD-IOUB/Build/DFTL/system_hw_platform_0/system.hdf -mem-ranges [list {0x40000000 0xbfffffff}]
configparams force-mem-access 1
targets -set -nocase -filter {name =~"APU*" && jtag_cable_name =~ "Digilent JTAG-SMT2 210251A543E7"} -index 0
ps7_init
ps7_post_config
targets -set -nocase -filter {name =~ "ARM*#0" && jtag_cable_name =~ "Digilent JTAG-SMT2 210251A543E7"} -index 0
dow C:/Users/User/Desktop/Cosmos_SSD-IOUB/Build/DFTL/DFTL/Debug/DFTL.elf
configparams force-mem-access 0
----------------End of Script----------------

13:44:33 INFO  : Memory regions updated for context APU
13:44:33 INFO  : Context for processor 'ps7_cortexa9_0' is selected.
13:44:33 INFO  : 'con' command is executed.
13:44:33 INFO  : ----------------XSDB Script (After Launch)----------------
targets -set -nocase -filter {name =~ "ARM*#0" && jtag_cable_name =~ "Digilent JTAG-SMT2 210251A543E7"} -index 0
con
----------------End of Script----------------

13:44:33 INFO  : Launch script is exported to file 'C:\Users\User\Desktop\Cosmos_SSD-IOUB\Build\DFTL\.sdk\launch_scripts\xilinx_c-c++_application_(system_debugger)\system_debugger_on_local.tcl'
13:45:25 INFO  : Disconnected from the channel tcfchan#2.
13:45:26 INFO  : Connected to target on host '127.0.0.1' and port '3121'.
13:45:26 INFO  : Jtag cable 'Digilent JTAG-SMT2 210251A543E7' is selected.
13:45:26 INFO  : 'jtag frequency' command is executed.
13:45:26 INFO  : Sourcing of 'C:/Users/User/Desktop/Cosmos_SSD-IOUB/Build/DFTL/system_hw_platform_0/ps7_init.tcl' is done.
13:45:26 INFO  : Context for 'APU' is selected.
13:45:26 INFO  : System reset is completed.
13:45:29 INFO  : 'after 3000' command is executed.
13:45:29 INFO  : 'targets -set -filter {jtag_cable_name =~ "Digilent JTAG-SMT2 210251A543E7" && level==0} -index 1' command is executed.
13:45:37 INFO  : FPGA configured successfully with bitstream "C:/Users/User/Desktop/Cosmos_SSD-IOUB/Build/DFTL/system_hw_platform_0/OpenSSD2.bit"
13:45:37 INFO  : Context for 'APU' is selected.
13:45:37 INFO  : Hardware design information is loaded from 'C:/Users/User/Desktop/Cosmos_SSD-IOUB/Build/DFTL/system_hw_platform_0/system.hdf'.
13:45:37 INFO  : 'configparams force-mem-access 1' command is executed.
13:45:37 INFO  : Context for 'APU' is selected.
13:45:37 INFO  : 'ps7_init' command is executed.
13:45:37 INFO  : 'ps7_post_config' command is executed.
13:45:37 INFO  : Context for processor 'ps7_cortexa9_0' is selected.
13:45:38 INFO  : The application 'C:/Users/User/Desktop/Cosmos_SSD-IOUB/Build/DFTL/DFTL/Debug/DFTL.elf' is downloaded to processor 'ps7_cortexa9_0'.
13:45:38 INFO  : 'configparams force-mem-access 0' command is executed.
13:45:38 INFO  : ----------------XSDB Script----------------
connect -url tcp:127.0.0.1:3121
source C:/Users/User/Desktop/Cosmos_SSD-IOUB/Build/DFTL/system_hw_platform_0/ps7_init.tcl
targets -set -nocase -filter {name =~"APU*" && jtag_cable_name =~ "Digilent JTAG-SMT2 210251A543E7"} -index 0
rst -system
after 3000
targets -set -filter {jtag_cable_name =~ "Digilent JTAG-SMT2 210251A543E7" && level==0} -index 1
fpga -file C:/Users/User/Desktop/Cosmos_SSD-IOUB/Build/DFTL/system_hw_platform_0/OpenSSD2.bit
targets -set -nocase -filter {name =~"APU*" && jtag_cable_name =~ "Digilent JTAG-SMT2 210251A543E7"} -index 0
loadhw -hw C:/Users/User/Desktop/Cosmos_SSD-IOUB/Build/DFTL/system_hw_platform_0/system.hdf -mem-ranges [list {0x40000000 0xbfffffff}]
configparams force-mem-access 1
targets -set -nocase -filter {name =~"APU*" && jtag_cable_name =~ "Digilent JTAG-SMT2 210251A543E7"} -index 0
ps7_init
ps7_post_config
targets -set -nocase -filter {name =~ "ARM*#0" && jtag_cable_name =~ "Digilent JTAG-SMT2 210251A543E7"} -index 0
dow C:/Users/User/Desktop/Cosmos_SSD-IOUB/Build/DFTL/DFTL/Debug/DFTL.elf
configparams force-mem-access 0
----------------End of Script----------------

13:45:38 INFO  : Memory regions updated for context APU
13:45:38 INFO  : Context for processor 'ps7_cortexa9_0' is selected.
13:45:38 INFO  : 'con' command is executed.
13:45:38 INFO  : ----------------XSDB Script (After Launch)----------------
targets -set -nocase -filter {name =~ "ARM*#0" && jtag_cable_name =~ "Digilent JTAG-SMT2 210251A543E7"} -index 0
con
----------------End of Script----------------

13:45:38 INFO  : Launch script is exported to file 'C:\Users\User\Desktop\Cosmos_SSD-IOUB\Build\DFTL\.sdk\launch_scripts\xilinx_c-c++_application_(system_debugger)\system_debugger_on_local.tcl'
13:53:41 INFO  : Disconnected from the channel tcfchan#3.
13:53:42 INFO  : Connected to target on host '127.0.0.1' and port '3121'.
13:53:42 INFO  : Jtag cable 'Digilent JTAG-SMT2 210251A543E7' is selected.
13:53:42 INFO  : 'jtag frequency' command is executed.
13:53:42 INFO  : Sourcing of 'C:/Users/User/Desktop/Cosmos_SSD-IOUB/Build/DFTL/system_hw_platform_0/ps7_init.tcl' is done.
13:53:42 INFO  : Context for 'APU' is selected.
13:53:42 INFO  : System reset is completed.
13:53:45 INFO  : 'after 3000' command is executed.
13:53:45 INFO  : 'targets -set -filter {jtag_cable_name =~ "Digilent JTAG-SMT2 210251A543E7" && level==0} -index 1' command is executed.
13:53:53 INFO  : FPGA configured successfully with bitstream "C:/Users/User/Desktop/Cosmos_SSD-IOUB/Build/DFTL/system_hw_platform_0/OpenSSD2.bit"
13:53:53 INFO  : Context for 'APU' is selected.
13:53:53 INFO  : Hardware design information is loaded from 'C:/Users/User/Desktop/Cosmos_SSD-IOUB/Build/DFTL/system_hw_platform_0/system.hdf'.
13:53:53 INFO  : 'configparams force-mem-access 1' command is executed.
13:53:53 INFO  : Context for 'APU' is selected.
13:53:54 INFO  : 'ps7_init' command is executed.
13:53:54 INFO  : 'ps7_post_config' command is executed.
13:53:54 INFO  : Context for processor 'ps7_cortexa9_0' is selected.
13:53:54 INFO  : The application 'C:/Users/User/Desktop/Cosmos_SSD-IOUB/Build/DFTL/DFTL/Debug/DFTL.elf' is downloaded to processor 'ps7_cortexa9_0'.
13:53:54 INFO  : 'configparams force-mem-access 0' command is executed.
13:53:54 INFO  : ----------------XSDB Script----------------
connect -url tcp:127.0.0.1:3121
source C:/Users/User/Desktop/Cosmos_SSD-IOUB/Build/DFTL/system_hw_platform_0/ps7_init.tcl
targets -set -nocase -filter {name =~"APU*" && jtag_cable_name =~ "Digilent JTAG-SMT2 210251A543E7"} -index 0
rst -system
after 3000
targets -set -filter {jtag_cable_name =~ "Digilent JTAG-SMT2 210251A543E7" && level==0} -index 1
fpga -file C:/Users/User/Desktop/Cosmos_SSD-IOUB/Build/DFTL/system_hw_platform_0/OpenSSD2.bit
targets -set -nocase -filter {name =~"APU*" && jtag_cable_name =~ "Digilent JTAG-SMT2 210251A543E7"} -index 0
loadhw -hw C:/Users/User/Desktop/Cosmos_SSD-IOUB/Build/DFTL/system_hw_platform_0/system.hdf -mem-ranges [list {0x40000000 0xbfffffff}]
configparams force-mem-access 1
targets -set -nocase -filter {name =~"APU*" && jtag_cable_name =~ "Digilent JTAG-SMT2 210251A543E7"} -index 0
ps7_init
ps7_post_config
targets -set -nocase -filter {name =~ "ARM*#0" && jtag_cable_name =~ "Digilent JTAG-SMT2 210251A543E7"} -index 0
dow C:/Users/User/Desktop/Cosmos_SSD-IOUB/Build/DFTL/DFTL/Debug/DFTL.elf
configparams force-mem-access 0
----------------End of Script----------------

13:53:54 INFO  : Memory regions updated for context APU
13:53:54 INFO  : Context for processor 'ps7_cortexa9_0' is selected.
13:53:54 INFO  : 'con' command is executed.
13:53:54 INFO  : ----------------XSDB Script (After Launch)----------------
targets -set -nocase -filter {name =~ "ARM*#0" && jtag_cable_name =~ "Digilent JTAG-SMT2 210251A543E7"} -index 0
con
----------------End of Script----------------

13:53:54 INFO  : Launch script is exported to file 'C:\Users\User\Desktop\Cosmos_SSD-IOUB\Build\DFTL\.sdk\launch_scripts\xilinx_c-c++_application_(system_debugger)\system_debugger_on_local.tcl'
14:06:42 INFO  : Disconnected from the channel tcfchan#4.
14:06:43 INFO  : Connected to target on host '127.0.0.1' and port '3121'.
14:06:43 INFO  : Jtag cable 'Digilent JTAG-SMT2 210251A543E7' is selected.
14:06:43 INFO  : 'jtag frequency' command is executed.
14:06:43 INFO  : Sourcing of 'C:/Users/User/Desktop/Cosmos_SSD-IOUB/Build/DFTL/system_hw_platform_0/ps7_init.tcl' is done.
14:06:43 INFO  : Context for 'APU' is selected.
14:06:43 INFO  : System reset is completed.
14:06:46 INFO  : 'after 3000' command is executed.
14:06:46 INFO  : 'targets -set -filter {jtag_cable_name =~ "Digilent JTAG-SMT2 210251A543E7" && level==0} -index 1' command is executed.
14:06:54 INFO  : FPGA configured successfully with bitstream "C:/Users/User/Desktop/Cosmos_SSD-IOUB/Build/DFTL/system_hw_platform_0/OpenSSD2.bit"
14:06:54 INFO  : Context for 'APU' is selected.
14:06:54 INFO  : Hardware design information is loaded from 'C:/Users/User/Desktop/Cosmos_SSD-IOUB/Build/DFTL/system_hw_platform_0/system.hdf'.
14:06:54 INFO  : 'configparams force-mem-access 1' command is executed.
14:06:54 INFO  : Context for 'APU' is selected.
14:06:55 INFO  : 'ps7_init' command is executed.
14:06:55 INFO  : 'ps7_post_config' command is executed.
14:06:55 INFO  : Context for processor 'ps7_cortexa9_0' is selected.
14:06:55 INFO  : The application 'C:/Users/User/Desktop/Cosmos_SSD-IOUB/Build/DFTL/DFTL/Debug/DFTL.elf' is downloaded to processor 'ps7_cortexa9_0'.
14:06:55 INFO  : 'configparams force-mem-access 0' command is executed.
14:06:55 INFO  : ----------------XSDB Script----------------
connect -url tcp:127.0.0.1:3121
source C:/Users/User/Desktop/Cosmos_SSD-IOUB/Build/DFTL/system_hw_platform_0/ps7_init.tcl
targets -set -nocase -filter {name =~"APU*" && jtag_cable_name =~ "Digilent JTAG-SMT2 210251A543E7"} -index 0
rst -system
after 3000
targets -set -filter {jtag_cable_name =~ "Digilent JTAG-SMT2 210251A543E7" && level==0} -index 1
fpga -file C:/Users/User/Desktop/Cosmos_SSD-IOUB/Build/DFTL/system_hw_platform_0/OpenSSD2.bit
targets -set -nocase -filter {name =~"APU*" && jtag_cable_name =~ "Digilent JTAG-SMT2 210251A543E7"} -index 0
loadhw -hw C:/Users/User/Desktop/Cosmos_SSD-IOUB/Build/DFTL/system_hw_platform_0/system.hdf -mem-ranges [list {0x40000000 0xbfffffff}]
configparams force-mem-access 1
targets -set -nocase -filter {name =~"APU*" && jtag_cable_name =~ "Digilent JTAG-SMT2 210251A543E7"} -index 0
ps7_init
ps7_post_config
targets -set -nocase -filter {name =~ "ARM*#0" && jtag_cable_name =~ "Digilent JTAG-SMT2 210251A543E7"} -index 0
dow C:/Users/User/Desktop/Cosmos_SSD-IOUB/Build/DFTL/DFTL/Debug/DFTL.elf
configparams force-mem-access 0
----------------End of Script----------------

14:06:55 INFO  : Memory regions updated for context APU
14:06:55 INFO  : Context for processor 'ps7_cortexa9_0' is selected.
14:06:55 INFO  : 'con' command is executed.
14:06:55 INFO  : ----------------XSDB Script (After Launch)----------------
targets -set -nocase -filter {name =~ "ARM*#0" && jtag_cable_name =~ "Digilent JTAG-SMT2 210251A543E7"} -index 0
con
----------------End of Script----------------

14:06:55 INFO  : Launch script is exported to file 'C:\Users\User\Desktop\Cosmos_SSD-IOUB\Build\DFTL\.sdk\launch_scripts\xilinx_c-c++_application_(system_debugger)\system_debugger_on_local.tcl'
19:18:15 INFO  : Disconnected from the channel tcfchan#5.
15:11:32 INFO  : Registering command handlers for SDK TCF services
15:11:33 INFO  : Launching XSCT server: xsct.bat -interactive C:\Users\User\Desktop\Cosmos_SSD-IOUB\Build\DFTL\temp_xsdb_launch_script.tcl
15:11:37 INFO  : XSCT server has started successfully.
15:11:37 INFO  : Successfully done setting XSCT server connection channel  
15:11:41 INFO  : Successfully done setting SDK workspace  
15:19:03 INFO  : Connected to target on host '127.0.0.1' and port '3121'.
15:19:03 INFO  : Jtag cable 'Digilent JTAG-SMT2 210251A543E7' is selected.
15:19:03 INFO  : 'jtag frequency' command is executed.
15:19:03 INFO  : Sourcing of 'C:/Users/User/Desktop/Cosmos_SSD-IOUB/Build/DFTL/system_hw_platform_0/ps7_init.tcl' is done.
15:19:03 INFO  : Context for 'APU' is selected.
15:19:04 INFO  : System reset is completed.
15:19:07 INFO  : 'after 3000' command is executed.
15:19:07 INFO  : 'targets -set -filter {jtag_cable_name =~ "Digilent JTAG-SMT2 210251A543E7" && level==0} -index 1' command is executed.
15:19:14 INFO  : FPGA configured successfully with bitstream "C:/Users/User/Desktop/Cosmos_SSD-IOUB/Build/DFTL/system_hw_platform_0/OpenSSD2.bit"
15:19:14 INFO  : Context for 'APU' is selected.
15:19:14 INFO  : Hardware design information is loaded from 'C:/Users/User/Desktop/Cosmos_SSD-IOUB/Build/DFTL/system_hw_platform_0/system.hdf'.
15:19:14 INFO  : 'configparams force-mem-access 1' command is executed.
15:19:14 INFO  : Context for 'APU' is selected.
15:19:15 INFO  : 'ps7_init' command is executed.
15:19:15 INFO  : 'ps7_post_config' command is executed.
15:19:15 INFO  : Context for processor 'ps7_cortexa9_0' is selected.
15:19:15 INFO  : The application 'C:/Users/User/Desktop/Cosmos_SSD-IOUB/Build/DFTL/DFTL/Debug/DFTL.elf' is downloaded to processor 'ps7_cortexa9_0'.
15:19:15 INFO  : 'configparams force-mem-access 0' command is executed.
15:19:15 INFO  : ----------------XSDB Script----------------
connect -url tcp:127.0.0.1:3121
source C:/Users/User/Desktop/Cosmos_SSD-IOUB/Build/DFTL/system_hw_platform_0/ps7_init.tcl
targets -set -nocase -filter {name =~"APU*" && jtag_cable_name =~ "Digilent JTAG-SMT2 210251A543E7"} -index 0
rst -system
after 3000
targets -set -filter {jtag_cable_name =~ "Digilent JTAG-SMT2 210251A543E7" && level==0} -index 1
fpga -file C:/Users/User/Desktop/Cosmos_SSD-IOUB/Build/DFTL/system_hw_platform_0/OpenSSD2.bit
targets -set -nocase -filter {name =~"APU*" && jtag_cable_name =~ "Digilent JTAG-SMT2 210251A543E7"} -index 0
loadhw -hw C:/Users/User/Desktop/Cosmos_SSD-IOUB/Build/DFTL/system_hw_platform_0/system.hdf -mem-ranges [list {0x40000000 0xbfffffff}]
configparams force-mem-access 1
targets -set -nocase -filter {name =~"APU*" && jtag_cable_name =~ "Digilent JTAG-SMT2 210251A543E7"} -index 0
ps7_init
ps7_post_config
targets -set -nocase -filter {name =~ "ARM*#0" && jtag_cable_name =~ "Digilent JTAG-SMT2 210251A543E7"} -index 0
dow C:/Users/User/Desktop/Cosmos_SSD-IOUB/Build/DFTL/DFTL/Debug/DFTL.elf
configparams force-mem-access 0
----------------End of Script----------------

15:19:15 INFO  : Memory regions updated for context APU
15:19:16 INFO  : Context for processor 'ps7_cortexa9_0' is selected.
15:19:16 INFO  : 'con' command is executed.
15:19:16 INFO  : ----------------XSDB Script (After Launch)----------------
targets -set -nocase -filter {name =~ "ARM*#0" && jtag_cable_name =~ "Digilent JTAG-SMT2 210251A543E7"} -index 0
con
----------------End of Script----------------

15:19:16 INFO  : Launch script is exported to file 'C:\Users\User\Desktop\Cosmos_SSD-IOUB\Build\DFTL\.sdk\launch_scripts\xilinx_c-c++_application_(system_debugger)\system_debugger_on_local.tcl'
16:26:07 INFO  : Disconnected from the channel tcfchan#1.
16:26:08 INFO  : Connected to target on host '127.0.0.1' and port '3121'.
16:26:09 INFO  : Jtag cable 'Digilent JTAG-SMT2 210251A543E7' is selected.
16:26:09 INFO  : 'jtag frequency' command is executed.
16:26:09 INFO  : Sourcing of 'C:/Users/User/Desktop/Cosmos_SSD-IOUB/Build/DFTL/system_hw_platform_0/ps7_init.tcl' is done.
16:26:09 INFO  : Context for 'APU' is selected.
16:26:09 INFO  : System reset is completed.
16:26:12 INFO  : 'after 3000' command is executed.
16:26:12 INFO  : 'targets -set -filter {jtag_cable_name =~ "Digilent JTAG-SMT2 210251A543E7" && level==0} -index 1' command is executed.
16:26:19 INFO  : FPGA configured successfully with bitstream "C:/Users/User/Desktop/Cosmos_SSD-IOUB/Build/DFTL/system_hw_platform_0/OpenSSD2.bit"
16:26:20 INFO  : Context for 'APU' is selected.
16:26:20 INFO  : Hardware design information is loaded from 'C:/Users/User/Desktop/Cosmos_SSD-IOUB/Build/DFTL/system_hw_platform_0/system.hdf'.
16:26:20 INFO  : 'configparams force-mem-access 1' command is executed.
16:26:20 INFO  : Context for 'APU' is selected.
16:26:21 INFO  : 'ps7_init' command is executed.
16:26:21 INFO  : 'ps7_post_config' command is executed.
16:26:21 INFO  : Context for processor 'ps7_cortexa9_0' is selected.
16:26:21 INFO  : The application 'C:/Users/User/Desktop/Cosmos_SSD-IOUB/Build/DFTL/DFTL/Debug/DFTL.elf' is downloaded to processor 'ps7_cortexa9_0'.
16:26:21 INFO  : 'configparams force-mem-access 0' command is executed.
16:26:21 INFO  : ----------------XSDB Script----------------
connect -url tcp:127.0.0.1:3121
source C:/Users/User/Desktop/Cosmos_SSD-IOUB/Build/DFTL/system_hw_platform_0/ps7_init.tcl
targets -set -nocase -filter {name =~"APU*" && jtag_cable_name =~ "Digilent JTAG-SMT2 210251A543E7"} -index 0
rst -system
after 3000
targets -set -filter {jtag_cable_name =~ "Digilent JTAG-SMT2 210251A543E7" && level==0} -index 1
fpga -file C:/Users/User/Desktop/Cosmos_SSD-IOUB/Build/DFTL/system_hw_platform_0/OpenSSD2.bit
targets -set -nocase -filter {name =~"APU*" && jtag_cable_name =~ "Digilent JTAG-SMT2 210251A543E7"} -index 0
loadhw -hw C:/Users/User/Desktop/Cosmos_SSD-IOUB/Build/DFTL/system_hw_platform_0/system.hdf -mem-ranges [list {0x40000000 0xbfffffff}]
configparams force-mem-access 1
targets -set -nocase -filter {name =~"APU*" && jtag_cable_name =~ "Digilent JTAG-SMT2 210251A543E7"} -index 0
ps7_init
ps7_post_config
targets -set -nocase -filter {name =~ "ARM*#0" && jtag_cable_name =~ "Digilent JTAG-SMT2 210251A543E7"} -index 0
dow C:/Users/User/Desktop/Cosmos_SSD-IOUB/Build/DFTL/DFTL/Debug/DFTL.elf
configparams force-mem-access 0
----------------End of Script----------------

16:26:21 INFO  : Memory regions updated for context APU
16:26:21 INFO  : Context for processor 'ps7_cortexa9_0' is selected.
16:26:21 INFO  : 'con' command is executed.
16:26:21 INFO  : ----------------XSDB Script (After Launch)----------------
targets -set -nocase -filter {name =~ "ARM*#0" && jtag_cable_name =~ "Digilent JTAG-SMT2 210251A543E7"} -index 0
con
----------------End of Script----------------

16:26:21 INFO  : Launch script is exported to file 'C:\Users\User\Desktop\Cosmos_SSD-IOUB\Build\DFTL\.sdk\launch_scripts\xilinx_c-c++_application_(system_debugger)\system_debugger_on_local.tcl'
17:26:31 INFO  : Disconnected from the channel tcfchan#2.
17:26:32 INFO  : Connected to target on host '127.0.0.1' and port '3121'.
17:26:33 INFO  : Jtag cable 'Digilent JTAG-SMT2 210251A543E7' is selected.
17:26:33 INFO  : 'jtag frequency' command is executed.
17:26:33 INFO  : Sourcing of 'C:/Users/User/Desktop/Cosmos_SSD-IOUB/Build/DFTL/system_hw_platform_0/ps7_init.tcl' is done.
17:26:33 INFO  : Context for 'APU' is selected.
17:26:33 INFO  : System reset is completed.
17:26:36 INFO  : 'after 3000' command is executed.
17:26:36 INFO  : 'targets -set -filter {jtag_cable_name =~ "Digilent JTAG-SMT2 210251A543E7" && level==0} -index 1' command is executed.
17:26:44 INFO  : FPGA configured successfully with bitstream "C:/Users/User/Desktop/Cosmos_SSD-IOUB/Build/DFTL/system_hw_platform_0/OpenSSD2.bit"
17:26:44 INFO  : Context for 'APU' is selected.
17:26:44 INFO  : Hardware design information is loaded from 'C:/Users/User/Desktop/Cosmos_SSD-IOUB/Build/DFTL/system_hw_platform_0/system.hdf'.
17:26:44 INFO  : 'configparams force-mem-access 1' command is executed.
17:26:44 INFO  : Context for 'APU' is selected.
17:26:45 INFO  : 'ps7_init' command is executed.
17:26:45 INFO  : 'ps7_post_config' command is executed.
17:26:45 INFO  : Context for processor 'ps7_cortexa9_0' is selected.
17:26:45 INFO  : The application 'C:/Users/User/Desktop/Cosmos_SSD-IOUB/Build/DFTL/DFTL/Debug/DFTL.elf' is downloaded to processor 'ps7_cortexa9_0'.
17:26:45 INFO  : 'configparams force-mem-access 0' command is executed.
17:26:45 INFO  : ----------------XSDB Script----------------
connect -url tcp:127.0.0.1:3121
source C:/Users/User/Desktop/Cosmos_SSD-IOUB/Build/DFTL/system_hw_platform_0/ps7_init.tcl
targets -set -nocase -filter {name =~"APU*" && jtag_cable_name =~ "Digilent JTAG-SMT2 210251A543E7"} -index 0
rst -system
after 3000
targets -set -filter {jtag_cable_name =~ "Digilent JTAG-SMT2 210251A543E7" && level==0} -index 1
fpga -file C:/Users/User/Desktop/Cosmos_SSD-IOUB/Build/DFTL/system_hw_platform_0/OpenSSD2.bit
targets -set -nocase -filter {name =~"APU*" && jtag_cable_name =~ "Digilent JTAG-SMT2 210251A543E7"} -index 0
loadhw -hw C:/Users/User/Desktop/Cosmos_SSD-IOUB/Build/DFTL/system_hw_platform_0/system.hdf -mem-ranges [list {0x40000000 0xbfffffff}]
configparams force-mem-access 1
targets -set -nocase -filter {name =~"APU*" && jtag_cable_name =~ "Digilent JTAG-SMT2 210251A543E7"} -index 0
ps7_init
ps7_post_config
targets -set -nocase -filter {name =~ "ARM*#0" && jtag_cable_name =~ "Digilent JTAG-SMT2 210251A543E7"} -index 0
dow C:/Users/User/Desktop/Cosmos_SSD-IOUB/Build/DFTL/DFTL/Debug/DFTL.elf
configparams force-mem-access 0
----------------End of Script----------------

17:26:45 INFO  : Memory regions updated for context APU
17:26:45 INFO  : Context for processor 'ps7_cortexa9_0' is selected.
17:26:45 INFO  : 'con' command is executed.
17:26:45 INFO  : ----------------XSDB Script (After Launch)----------------
targets -set -nocase -filter {name =~ "ARM*#0" && jtag_cable_name =~ "Digilent JTAG-SMT2 210251A543E7"} -index 0
con
----------------End of Script----------------

17:26:45 INFO  : Launch script is exported to file 'C:\Users\User\Desktop\Cosmos_SSD-IOUB\Build\DFTL\.sdk\launch_scripts\xilinx_c-c++_application_(system_debugger)\system_debugger_on_local.tcl'
12:45:26 INFO  : Disconnected from the channel tcfchan#3.
13:25:21 INFO  : Registering command handlers for SDK TCF services
13:25:22 INFO  : Launching XSCT server: xsct.bat -interactive C:\Users\User\Desktop\Cosmos_SSD-IOUB\Build\DFTL\temp_xsdb_launch_script.tcl
13:25:25 INFO  : XSCT server has started successfully.
13:25:29 INFO  : Successfully done setting XSCT server connection channel  
13:25:29 INFO  : Successfully done setting SDK workspace  
10:12:06 INFO  : Registering command handlers for SDK TCF services
10:12:07 INFO  : Launching XSCT server: xsct.bat -interactive C:\Users\User\Desktop\Cosmos_SSD-IOUB\Build\DFTL\temp_xsdb_launch_script.tcl
10:12:10 INFO  : XSCT server has started successfully.
10:12:14 INFO  : Successfully done setting XSCT server connection channel  
10:12:14 INFO  : Successfully done setting SDK workspace  
14:12:44 INFO  : Connected to target on host '127.0.0.1' and port '3121'.
14:12:45 INFO  : Jtag cable 'Digilent JTAG-SMT2 210251A543E7' is selected.
14:12:45 INFO  : 'jtag frequency' command is executed.
14:12:45 INFO  : Sourcing of 'C:/Users/User/Desktop/Cosmos_SSD-IOUB/Build/DFTL/system_hw_platform_0/ps7_init.tcl' is done.
14:12:45 INFO  : Context for 'APU' is selected.
14:12:45 INFO  : System reset is completed.
14:12:48 INFO  : 'after 3000' command is executed.
14:12:48 INFO  : 'targets -set -filter {jtag_cable_name =~ "Digilent JTAG-SMT2 210251A543E7" && level==0} -index 1' command is executed.
14:12:56 INFO  : FPGA configured successfully with bitstream "C:/Users/User/Desktop/Cosmos_SSD-IOUB/Build/DFTL/system_hw_platform_0/OpenSSD2.bit"
14:12:56 INFO  : Context for 'APU' is selected.
14:12:56 INFO  : Hardware design information is loaded from 'C:/Users/User/Desktop/Cosmos_SSD-IOUB/Build/DFTL/system_hw_platform_0/system.hdf'.
14:12:56 INFO  : 'configparams force-mem-access 1' command is executed.
14:12:56 INFO  : Context for 'APU' is selected.
14:12:56 INFO  : 'ps7_init' command is executed.
14:12:56 INFO  : 'ps7_post_config' command is executed.
14:12:57 INFO  : Context for processor 'ps7_cortexa9_0' is selected.
14:12:57 INFO  : The application 'C:/Users/User/Desktop/Cosmos_SSD-IOUB/Build/DFTL/DFTL/Debug/DFTL.elf' is downloaded to processor 'ps7_cortexa9_0'.
14:12:57 INFO  : 'configparams force-mem-access 0' command is executed.
14:12:57 INFO  : ----------------XSDB Script----------------
connect -url tcp:127.0.0.1:3121
source C:/Users/User/Desktop/Cosmos_SSD-IOUB/Build/DFTL/system_hw_platform_0/ps7_init.tcl
targets -set -nocase -filter {name =~"APU*" && jtag_cable_name =~ "Digilent JTAG-SMT2 210251A543E7"} -index 0
rst -system
after 3000
targets -set -filter {jtag_cable_name =~ "Digilent JTAG-SMT2 210251A543E7" && level==0} -index 1
fpga -file C:/Users/User/Desktop/Cosmos_SSD-IOUB/Build/DFTL/system_hw_platform_0/OpenSSD2.bit
targets -set -nocase -filter {name =~"APU*" && jtag_cable_name =~ "Digilent JTAG-SMT2 210251A543E7"} -index 0
loadhw -hw C:/Users/User/Desktop/Cosmos_SSD-IOUB/Build/DFTL/system_hw_platform_0/system.hdf -mem-ranges [list {0x40000000 0xbfffffff}]
configparams force-mem-access 1
targets -set -nocase -filter {name =~"APU*" && jtag_cable_name =~ "Digilent JTAG-SMT2 210251A543E7"} -index 0
ps7_init
ps7_post_config
targets -set -nocase -filter {name =~ "ARM*#0" && jtag_cable_name =~ "Digilent JTAG-SMT2 210251A543E7"} -index 0
dow C:/Users/User/Desktop/Cosmos_SSD-IOUB/Build/DFTL/DFTL/Debug/DFTL.elf
configparams force-mem-access 0
----------------End of Script----------------

14:12:57 INFO  : Memory regions updated for context APU
14:12:57 INFO  : Context for processor 'ps7_cortexa9_0' is selected.
14:12:57 INFO  : 'con' command is executed.
14:12:57 INFO  : ----------------XSDB Script (After Launch)----------------
targets -set -nocase -filter {name =~ "ARM*#0" && jtag_cable_name =~ "Digilent JTAG-SMT2 210251A543E7"} -index 0
con
----------------End of Script----------------

14:12:57 INFO  : Launch script is exported to file 'C:\Users\User\Desktop\Cosmos_SSD-IOUB\Build\DFTL\.sdk\launch_scripts\xilinx_c-c++_application_(system_debugger)\system_debugger_on_local.tcl'
14:16:03 INFO  : Disconnected from the channel tcfchan#1.
14:16:04 INFO  : Connected to target on host '127.0.0.1' and port '3121'.
14:16:04 INFO  : Jtag cable 'Digilent JTAG-SMT2 210251A543E7' is selected.
14:16:04 INFO  : 'jtag frequency' command is executed.
14:16:04 INFO  : Sourcing of 'C:/Users/User/Desktop/Cosmos_SSD-IOUB/Build/DFTL/system_hw_platform_0/ps7_init.tcl' is done.
14:16:04 INFO  : Context for 'APU' is selected.
14:16:04 INFO  : System reset is completed.
14:16:07 INFO  : 'after 3000' command is executed.
14:16:07 INFO  : 'targets -set -filter {jtag_cable_name =~ "Digilent JTAG-SMT2 210251A543E7" && level==0} -index 1' command is executed.
14:16:15 INFO  : FPGA configured successfully with bitstream "C:/Users/User/Desktop/Cosmos_SSD-IOUB/Build/DFTL/system_hw_platform_0/OpenSSD2.bit"
14:16:15 INFO  : Context for 'APU' is selected.
14:16:15 INFO  : Hardware design information is loaded from 'C:/Users/User/Desktop/Cosmos_SSD-IOUB/Build/DFTL/system_hw_platform_0/system.hdf'.
14:16:15 INFO  : 'configparams force-mem-access 1' command is executed.
14:16:15 INFO  : Context for 'APU' is selected.
14:16:16 INFO  : 'ps7_init' command is executed.
14:16:16 INFO  : 'ps7_post_config' command is executed.
14:16:16 INFO  : Context for processor 'ps7_cortexa9_0' is selected.
14:16:17 INFO  : The application 'C:/Users/User/Desktop/Cosmos_SSD-IOUB/Build/DFTL/DFTL/Debug/DFTL.elf' is downloaded to processor 'ps7_cortexa9_0'.
14:16:17 INFO  : 'configparams force-mem-access 0' command is executed.
14:16:17 INFO  : ----------------XSDB Script----------------
connect -url tcp:127.0.0.1:3121
source C:/Users/User/Desktop/Cosmos_SSD-IOUB/Build/DFTL/system_hw_platform_0/ps7_init.tcl
targets -set -nocase -filter {name =~"APU*" && jtag_cable_name =~ "Digilent JTAG-SMT2 210251A543E7"} -index 0
rst -system
after 3000
targets -set -filter {jtag_cable_name =~ "Digilent JTAG-SMT2 210251A543E7" && level==0} -index 1
fpga -file C:/Users/User/Desktop/Cosmos_SSD-IOUB/Build/DFTL/system_hw_platform_0/OpenSSD2.bit
targets -set -nocase -filter {name =~"APU*" && jtag_cable_name =~ "Digilent JTAG-SMT2 210251A543E7"} -index 0
loadhw -hw C:/Users/User/Desktop/Cosmos_SSD-IOUB/Build/DFTL/system_hw_platform_0/system.hdf -mem-ranges [list {0x40000000 0xbfffffff}]
configparams force-mem-access 1
targets -set -nocase -filter {name =~"APU*" && jtag_cable_name =~ "Digilent JTAG-SMT2 210251A543E7"} -index 0
ps7_init
ps7_post_config
targets -set -nocase -filter {name =~ "ARM*#0" && jtag_cable_name =~ "Digilent JTAG-SMT2 210251A543E7"} -index 0
dow C:/Users/User/Desktop/Cosmos_SSD-IOUB/Build/DFTL/DFTL/Debug/DFTL.elf
configparams force-mem-access 0
----------------End of Script----------------

14:16:17 INFO  : Memory regions updated for context APU
14:16:17 INFO  : Context for processor 'ps7_cortexa9_0' is selected.
14:16:17 INFO  : 'con' command is executed.
14:16:17 INFO  : ----------------XSDB Script (After Launch)----------------
targets -set -nocase -filter {name =~ "ARM*#0" && jtag_cable_name =~ "Digilent JTAG-SMT2 210251A543E7"} -index 0
con
----------------End of Script----------------

14:16:17 INFO  : Launch script is exported to file 'C:\Users\User\Desktop\Cosmos_SSD-IOUB\Build\DFTL\.sdk\launch_scripts\xilinx_c-c++_application_(system_debugger)\system_debugger_on_local.tcl'
15:40:30 INFO  : Disconnected from the channel tcfchan#2.
